<?xml version="1.0" encoding="UTF-8"?>
<!-- Generated by org.testng.reporters.JUnitReportReporter -->
<testsuite hostname="Sakshi" failures="0" tests="1" name="org.example.GoogleSearchtest" time="22.424" errors="0" timestamp="2023-03-29T10:43:35 IST" skipped="0">
  <testcase classname="org.example.GoogleSearchtest" name="googleTest" time="22.424"/>
  <system-out/>
</testsuite> <!-- org.example.GoogleSearchtest -->
