<?xml version="1.0" encoding="UTF-8"?>
<!-- Generated by org.testng.reporters.JUnitReportReporter -->
<testsuite hostname="Sakshi" failures="0" tests="1" name="org.example.GoogleSearch" time="25.626" errors="0" timestamp="2023-03-29T00:20:57 IST" skipped="0">
  <testcase classname="org.example.GoogleSearch" name="googleTest" time="25.626"/>
  <system-out/>
</testsuite> <!-- org.example.GoogleSearch -->
